<?xml version="1.0" encoding="UTF-8"?>
<testng-results ignored="0" total="3" passed="3" failed="0" skipped="0">
  <reporter-output>
  </reporter-output>
  <suite started-at="2024-10-08T11:45:32 IST" name="Suite" finished-at="2024-10-08T11:47:09 IST" duration-ms="97247">
    <groups>
    </groups>
    <test started-at="2024-10-08T11:45:32 IST" name="ChromeTest" finished-at="2024-10-08T11:46:52 IST" duration-ms="79597">
      <class name="AmazonBrowserTest.AmazonTest">
        <test-method signature="testParallel(java.lang.String)[pri:0, instance:AmazonBrowserTest.AmazonTest@1a482e36]" started-at="2024-10-08T11:45:32 IST" name="testParallel" finished-at="2024-10-08T11:46:52 IST" duration-ms="79432" status="PASS">
          <params>
            <param index="0">
              <value>
                <![CDATA[chrome]]>
              </value>
            </param>
          </params>
          <reporter-output>
          </reporter-output>
        </test-method> <!-- testParallel -->
      </class> <!-- AmazonBrowserTest.AmazonTest -->
    </test> <!-- ChromeTest -->
    <test started-at="2024-10-08T11:45:32 IST" name="EdgeTest" finished-at="2024-10-08T11:46:58 IST" duration-ms="85831">
      <class name="AmazonBrowserTest.AmazonTest">
        <test-method signature="testParallel(java.lang.String)[pri:0, instance:AmazonBrowserTest.AmazonTest@4c402120]" started-at="2024-10-08T11:45:32 IST" name="testParallel" finished-at="2024-10-08T11:46:58 IST" duration-ms="85690" status="PASS">
          <params>
            <param index="0">
              <value>
                <![CDATA[edge]]>
              </value>
            </param>
          </params>
          <reporter-output>
          </reporter-output>
        </test-method> <!-- testParallel -->
      </class> <!-- AmazonBrowserTest.AmazonTest -->
    </test> <!-- EdgeTest -->
    <test started-at="2024-10-08T11:45:32 IST" name="firefox" finished-at="2024-10-08T11:47:09 IST" duration-ms="97247">
      <class name="AmazonBrowserTest.AmazonTest">
        <test-method signature="testParallel(java.lang.String)[pri:0, instance:AmazonBrowserTest.AmazonTest@22ff4249]" started-at="2024-10-08T11:45:32 IST" name="testParallel" finished-at="2024-10-08T11:47:09 IST" duration-ms="97094" status="PASS">
          <params>
            <param index="0">
              <value>
                <![CDATA[firefox]]>
              </value>
            </param>
          </params>
          <reporter-output>
          </reporter-output>
        </test-method> <!-- testParallel -->
      </class> <!-- AmazonBrowserTest.AmazonTest -->
    </test> <!-- firefox -->
  </suite> <!-- Suite -->
</testng-results>
